StoryBuddies/app/build/outputs/logs/manifest-merger-debug-report.txt
-- Merging decision tree log ---
manifest
ADDED from src\main\AndroidManifest.xml:2:1-72:12
INJECTED from src\main\AndroidManifest.xml:2:1-72:12
INJECTED from src\main\AndroidManifest.xml:2:1-72:12
INJECTED from src\main\AndroidManifest.xml:2:1-72:12
MERGED from [com.android.support:support-v4:20.0.0] AndroidManifest.xml:15:1-18:12
INJECTED from src\main\AndroidManifest.xml:2:1-72:12
INJECTED from src\main\AndroidManifest.xml:2:1-72:12
INJECTED from src\main\AndroidManifest.xml:2:1-72:12
	package
		ADDED from src\main\AndroidManifest.xml:3:5-43
		INJECTED from src\main\AndroidManifest.xml
		INJECTED from src\main\AndroidManifest.xml
	android:versionName
		ADDED from src\main\AndroidManifest.xml:5:5-30
		INJECTED from src\main\AndroidManifest.xml
		INJECTED from src\main\AndroidManifest.xml
	xmlns:android
		ADDED from src\main\AndroidManifest.xml:2:11-69
	android:versionCode
		ADDED from src\main\AndroidManifest.xml:4:5-28
		INJECTED from src\main\AndroidManifest.xml
		INJECTED from src\main\AndroidManifest.xml
uses-sdk
ADDED from src\main\AndroidManifest.xml:7:5-9:41
INJECTED from src\main\AndroidManifest.xml:7:5-9:41
INJECTED from src\main\AndroidManifest.xml:7:5-9:41
MERGED from [com.android.support:support-v4:20.0.0] AndroidManifest.xml:16:5-42
MERGED from [com.android.support:support-v4:20.0.0] AndroidManifest.xml:16:5-42
INJECTED from src\main\AndroidManifest.xml:7:5-9:41
INJECTED from src\main\AndroidManifest.xml:7:5-9:41
	android:targetSdkVersion
		ADDED from src\main\AndroidManifest.xml:9:9-38
		INJECTED from src\main\AndroidManifest.xml
		INJECTED from src\main\AndroidManifest.xml
	android:minSdkVersion
		ADDED from src\main\AndroidManifest.xml:8:9-35
		INJECTED from src\main\AndroidManifest.xml
		INJECTED from src\main\AndroidManifest.xml
uses-permission#android.permission.NFC
ADDED from src\main\AndroidManifest.xml:11:5-62
	android:name
		ADDED from src\main\AndroidManifest.xml:11:22-59
uses-permission#android.permission.BLUETOOTH
ADDED from src\main\AndroidManifest.xml:12:5-68
	android:name
		ADDED from src\main\AndroidManifest.xml:12:22-65
uses-permission#android.permission.BLUETOOTH_ADMIN
ADDED from src\main\AndroidManifest.xml:13:2-71
	android:name
		ADDED from src\main\AndroidManifest.xml:13:19-68
uses-permission#android.permission.MODIFY_AUDIO_SETTINGS
ADDED from src\main\AndroidManifest.xml:14:5-80
	android:name
		ADDED from src\main\AndroidManifest.xml:14:22-77
uses-permission#android.permission.WRITE_EXTERNAL_STORAGE
ADDED from src\main\AndroidManifest.xml:15:5-80
	android:name
		ADDED from src\main\AndroidManifest.xml:15:22-78
uses-permission#android.permission.RECORD_AUDIO
ADDED from src\main\AndroidManifest.xml:16:5-70
	android:name
		ADDED from src\main\AndroidManifest.xml:16:22-68
application
ADDED from src\main\AndroidManifest.xml:18:5-70:19
MERGED from [com.android.support:support-v4:20.0.0] AndroidManifest.xml:17:5-19
MERGED from [com.android.support:support-v4:20.0.0] AndroidManifest.xml:17:5-19
	android:label
		ADDED from src\main\AndroidManifest.xml:21:9-41
	android:icon
		ADDED from src\main\AndroidManifest.xml:20:9-45
	android:allowBackup
		ADDED from src\main\AndroidManifest.xml:19:9-35
	android:theme
		ADDED from src\main\AndroidManifest.xml:22:9-40
activity#courses.cmsc436.storybuddies.StoryBuddiesBaseActivity
ADDED from src\main\AndroidManifest.xml:23:9-37:20
	android:screenOrientation
		ADDED from src\main\AndroidManifest.xml:25:46-82
	android:label
		ADDED from src\main\AndroidManifest.xml:25:13-45
	android:name
		ADDED from src\main\AndroidManifest.xml:24:13-53
intent-filter#android.intent.action.MAIN+android.intent.category.LAUNCHER
ADDED from src\main\AndroidManifest.xml:26:13-30:29
action#android.intent.action.MAIN
ADDED from src\main\AndroidManifest.xml:27:17-69
	android:name
		ADDED from src\main\AndroidManifest.xml:27:25-66
category#android.intent.category.LAUNCHER
ADDED from src\main\AndroidManifest.xml:29:17-77
	android:name
		ADDED from src\main\AndroidManifest.xml:29:27-74
intent-filter#android.intent.category.DEFAULT+android.nfc.action.NDEF_DISCOVERED
ADDED from src\main\AndroidManifest.xml:31:4-36:20
action#android.nfc.action.NDEF_DISCOVERED
ADDED from src\main\AndroidManifest.xml:32:6-65
	android:name
		ADDED from src\main\AndroidManifest.xml:32:14-63
category#android.intent.category.DEFAULT
ADDED from src\main\AndroidManifest.xml:33:6-64
	android:name
		ADDED from src\main\AndroidManifest.xml:33:16-62
data
ADDED from src\main\AndroidManifest.xml:35:13-54
	android:scheme
		ADDED from src\main\AndroidManifest.xml:35:19-51
activity#courses.cmsc436.storybuddies.StartScreenActivity
ADDED from src\main\AndroidManifest.xml:38:9-41:20
	android:screenOrientation
		ADDED from src\main\AndroidManifest.xml:40:13-49
	android:name
		ADDED from src\main\AndroidManifest.xml:39:13-48
activity#courses.cmsc436.storybuddies.ChooseStoryActivity
ADDED from src\main\AndroidManifest.xml:42:9-45:20
	android:screenOrientation
		ADDED from src\main\AndroidManifest.xml:44:13-49
	android:name
		ADDED from src\main\AndroidManifest.xml:43:13-48
activity#courses.cmsc436.storybuddies.CYOS_Title_Screen
ADDED from src\main\AndroidManifest.xml:46:9-49:20
	android:screenOrientation
		ADDED from src\main\AndroidManifest.xml:48:13-49
	android:name
		ADDED from src\main\AndroidManifest.xml:47:13-46
activity#courses.cmsc436.storybuddies.CYOS_Creation_Page
ADDED from src\main\AndroidManifest.xml:50:9-53:20
	android:screenOrientation
		ADDED from src\main\AndroidManifest.xml:52:13-49
	android:name
		ADDED from src\main\AndroidManifest.xml:51:13-47
activity#courses.cmsc436.storybuddies.CoverPageActivity
ADDED from src\main\AndroidManifest.xml:54:9-57:20
	android:screenOrientation
		ADDED from src\main\AndroidManifest.xml:56:13-49
	android:name
		ADDED from src\main\AndroidManifest.xml:55:13-46
activity#courses.cmsc436.storybuddies.StoryPageActivity
ADDED from src\main\AndroidManifest.xml:58:9-61:20
	android:screenOrientation
		ADDED from src\main\AndroidManifest.xml:60:13-49
	android:name
		ADDED from src\main\AndroidManifest.xml:59:13-46
activity#courses.cmsc436.storybuddies.GameFindTheRabbitActivity
ADDED from src\main\AndroidManifest.xml:62:9-65:20
	android:screenOrientation
		ADDED from src\main\AndroidManifest.xml:64:13-49
	android:name
		ADDED from src\main\AndroidManifest.xml:63:13-54
activity#courses.cmsc436.storybuddies.ThreeBedsGameActivity
ADDED from src\main\AndroidManifest.xml:66:9-69:20
	android:screenOrientation
		ADDED from src\main\AndroidManifest.xml:68:13-49
	android:name
		ADDED from src\main\AndroidManifest.xml:67:13-50